<?xml version="1.0" encoding="UTF-8"?>
<!-- Generated by org.testng.reporters.JUnitReportReporter -->
<testsuite hostname="DESKTOP-9Q828V5" failures="0" tests="12" name="com.zafin.interview.UniversityAPICollectionTest" time="16.872" errors="0" timestamp="2024-02-25T23:13:51 EST" skipped="0">
  <testcase classname="com.zafin.interview.UniversityAPICollectionTest" name="testIfGetStatusCode404UrlPathError" time="0.013"/>
  <system-out/>
  <testcase classname="com.zafin.interview.UniversityAPICollectionTest" name="testIfPostResponseStatusCode201" time="0.052"/>
  <system-out/>
  <testcase classname="com.zafin.interview.UniversityAPICollectionTest" name="testIfResponseBodyIsNotEmptyForPut422response" time="0.021"/>
  <system-out/>
  <testcase classname="com.zafin.interview.UniversityAPICollectionTest" name="testIfGetStatusCode200Unencodedparameter" time="0.030"/>
  <system-out/>
  <testcase classname="com.zafin.interview.UniversityAPICollectionTest" name="testIfResponseHasKeyTitleForPUT422response" time="0.016"/>
  <system-out/>
  <testcase classname="com.zafin.interview.UniversityAPICollectionTest" name="testIfGetStatusCode401" time="0.020"/>
  <system-out/>
  <testcase classname="com.zafin.interview.UniversityAPICollectionTest" name="testIfResponseBodyIsNotEmptyForGet200response" time="0.022"/>
  <system-out/>
  <testcase classname="com.zafin.interview.UniversityAPICollectionTest" name="testIfGetResponse401HasExpectedValueFortitle" time="0.165"/>
  <system-out/>
  <testcase classname="com.zafin.interview.UniversityAPICollectionTest" name="testIfResponse200HasKeyUniversityName" time="0.031"/>
  <system-out/>
  <testcase classname="com.zafin.interview.UniversityAPICollectionTest" name="testIfResponseHas422InvalidRequests" time="0.017"/>
  <system-out/>
  <testcase classname="com.zafin.interview.UniversityAPICollectionTest" name="testIfGetStatusCode200" time="0.029"/>
  <system-out/>
  <testcase classname="com.zafin.interview.UniversityAPICollectionTest" name="testIfDeleteStatusCode204" time="16.456"/>
  <system-out/>
</testsuite> <!-- com.zafin.interview.UniversityAPICollectionTest -->
