<?xml version="1.0" encoding="UTF-8"?>
<!-- Generated by org.testng.reporters.JUnitReportReporter -->
<testsuite hostname="DESKTOP-9Q828V5" failures="0" tests="5" name="com.zafin.interview.UniversityWithUniversityIDCollectionTest" time="0.104" errors="0" timestamp="2024-02-25T23:13:51 EST" skipped="0">
  <testcase classname="com.zafin.interview.UniversityWithUniversityIDCollectionTest" name="testIfResponseBodyIsNotEmptyForGet200response" time="0.019"/>
  <system-out/>
  <testcase classname="com.zafin.interview.UniversityWithUniversityIDCollectionTest" name="testIfGetStatusCode200" time="0.023"/>
  <system-out/>
  <testcase classname="com.zafin.interview.UniversityWithUniversityIDCollectionTest" name="testIfPostResponseStatusCode201" time="0.034"/>
  <system-out/>
  <testcase classname="com.zafin.interview.UniversityWithUniversityIDCollectionTest" name="testIfGetStatusCode401" time="0.015"/>
  <system-out/>
  <testcase classname="com.zafin.interview.UniversityWithUniversityIDCollectionTest" name="testIfGetStatusCode404ResponseMissingAuth" time="0.013"/>
  <system-out/>
</testsuite> <!-- com.zafin.interview.UniversityWithUniversityIDCollectionTest -->
