<?xml version="1.0" encoding="UTF-8"?>
<!-- Generated by org.testng.reporters.JUnitReportReporter -->
<testsuite hostname="DESKTOP-9Q828V5" failures="0" tests="12" name="com.zafin.interview.UniversityAPICollectionTest" time="0.250" errors="0" timestamp="2024-02-24T14:14:05 EST" skipped="0">
  <testcase classname="com.zafin.interview.UniversityAPICollectionTest" name="testIfGetStatusCode200" time="0.021"/>
  <system-out/>
  <testcase classname="com.zafin.interview.UniversityAPICollectionTest" name="testIfResponseBodyIsNotEmptyForPut422response" time="0.032"/>
  <system-out/>
  <testcase classname="com.zafin.interview.UniversityAPICollectionTest" name="testIfPostResponseStatusCode201" time="0.048"/>
  <system-out/>
  <testcase classname="com.zafin.interview.UniversityAPICollectionTest" name="testIfResponseHasKeyTitleForPUT422response" time="0.012"/>
  <system-out/>
  <testcase classname="com.zafin.interview.UniversityAPICollectionTest" name="testIfResponseBodyIsNotEmptyForGet200response" time="0.020"/>
  <system-out/>
  <testcase classname="com.zafin.interview.UniversityAPICollectionTest" name="testIfDeleteStatusCode204" time="0.019"/>
  <system-out/>
  <testcase classname="com.zafin.interview.UniversityAPICollectionTest" name="testIfResponse200HasKeyUniversityName" time="0.016"/>
  <system-out/>
  <testcase classname="com.zafin.interview.UniversityAPICollectionTest" name="testIfGetResponse401HasExpectedValueFortitle" time="0.024"/>
  <system-out/>
  <testcase classname="com.zafin.interview.UniversityAPICollectionTest" name="testIfGetStatusCode404UrlPathError" time="0.009"/>
  <system-out/>
  <testcase classname="com.zafin.interview.UniversityAPICollectionTest" name="testIfGetStatusCode200Unencodedparameter" time="0.019"/>
  <system-out/>
  <testcase classname="com.zafin.interview.UniversityAPICollectionTest" name="testIfResponseHas422InvalidRequests" time="0.015"/>
  <system-out/>
  <testcase classname="com.zafin.interview.UniversityAPICollectionTest" name="testIfGetStatusCode401" time="0.015"/>
  <system-out/>
</testsuite> <!-- com.zafin.interview.UniversityAPICollectionTest -->
