<?xml version="1.0" encoding="UTF-8"?>
<!-- Generated by org.testng.reporters.JUnitReportReporter -->
<testsuite hostname="DESKTOP-9Q828V5" failures="0" tests="6" name="com.zafin.interview.UniversitiesAPICollectionTest" time="1.603" errors="0" timestamp="2024-02-24T14:14:05 EST" skipped="0">
  <testcase classname="com.zafin.interview.UniversitiesAPICollectionTest" name="testIfGetStatusCode401" time="0.015"/>
  <system-out/>
  <testcase classname="com.zafin.interview.UniversitiesAPICollectionTest" name="testIfGetStatusCode404ResponseMissingAuth" time="0.029"/>
  <system-out/>
  <testcase classname="com.zafin.interview.UniversitiesAPICollectionTest" name="testIfResponse200HasJsonList" time="0.123"/>
  <system-out/>
  <testcase classname="com.zafin.interview.UniversitiesAPICollectionTest" name="testIfGetStatusCode200" time="1.397"/>
  <system-out/>
  <testcase classname="com.zafin.interview.UniversitiesAPICollectionTest" name="testIfResponseBodyIsNotEmptyForGet200response" time="0.019"/>
  <system-out/>
  <testcase classname="com.zafin.interview.UniversitiesAPICollectionTest" name="testIfGetStatusCode404UrlPathError" time="0.020"/>
  <system-out/>
</testsuite> <!-- com.zafin.interview.UniversitiesAPICollectionTest -->
